{"level":"debug","message":"Boot service started","module":"boot","timestamp":"2022-06-05T08:44:40.676Z"}
{"level":"debug","message":"Marketplace service started","module":"marketplace","timestamp":"2022-06-05T08:44:40.682Z"}
{"level":"debug","message":"Player Service started","module":"player","timestamp":"2022-06-05T08:44:40.683Z"}
{"level":"debug","message":"Call service started","module":"calls","timestamp":"2022-06-05T08:44:40.684Z"}
{"level":"debug","message":"Notes service started","module":"notes","timestamp":"2022-06-05T08:44:40.684Z"}
{"level":"debug","message":"Contacts service started","module":"contact","timestamp":"2022-06-05T08:44:40.685Z"}
{"level":"debug","message":"Photo service started","module":"photo","timestamp":"2022-06-05T08:44:40.685Z"}
{"level":"debug","message":"Messages service started","module":"messages","timestamp":"2022-06-05T08:44:40.685Z"}
{"level":"debug","message":"Twitter service started","module":"twitter","timestamp":"2022-06-05T08:44:40.686Z"}
{"level":"debug","message":"Match service started","module":"match","timestamp":"2022-06-05T08:44:40.686Z"}
{"level":"debug","message":"Beginning database schema validation","module":"boot","timestamp":"2022-06-05T08:44:40.864Z"}
{"level":"info","message":"Successfully started","timestamp":"2022-06-05T08:44:40.874Z"}
{"level":"info","message":"Executed query (SHOW TABLES WHERE `Tables_in_ESXLegacy_9B63B7`LIKE ? [\"users\"]) in 48.2368ms'","module":"DBInterface","timestamp":"2022-06-05T08:44:40.913Z"}
{"level":"info","message":"Executed query (SHOW COLUMNS IN users []) in 15.4169ms'","module":"DBInterface","timestamp":"2022-06-05T08:44:40.929Z"}
{"level":"debug","message":"Database schema successfully validated","module":"boot","timestamp":"2022-06-05T08:44:40.929Z"}
{"level":"info","message":"Started loading for Scofield (1)","module":"player","timestamp":"2022-06-05T08:45:04.438Z"}
{"level":"info","message":"Executed query (SELECT phone_number FROM users WHERE identifier = ? LIMIT 1 [\"6f06118821640d28696d1365541fb5049d99c47c\"]) in 2.2093ms'","module":"DBInterface","timestamp":"2022-06-05T08:45:04.441Z"}
{"level":"debug","message":"Find user for number generation data >","module":"player","timestamp":"2022-06-05T08:45:04.441Z"}
{"level":"debug","message":[{"phone_number":null}],"module":"player","timestamp":"2022-06-05T08:45:04.441Z"}
{"level":"debug","message":"Phone number was returned as null, generating new number","module":"player","timestamp":"2022-06-05T08:45:04.441Z"}
{"level":"info","message":"Executed query (SELECT EXISTS(SELECT * FROM users WHERE phone_number = ?) [\"863-491-9923\"]) in 1.1405ms'","module":"DBInterface","timestamp":"2022-06-05T08:45:04.443Z"}
{"level":"debug","message":"Phone number generated > 863-491-9923","module":"player","timestamp":"2022-06-05T08:45:04.443Z"}
{"level":"info","message":"Executed query (UPDATE users SET phone_number = ? WHERE identifier = ? [\"863-491-9923\",\"6f06118821640d28696d1365541fb5049d99c47c\"]) in 2.2493ms'","module":"DBInterface","timestamp":"2022-06-05T08:45:04.445Z"}
{"level":"info","message":"NPWD Player Loaded!","module":"player","timestamp":"2022-06-05T08:45:04.445Z"}
{"level":"debug","message":{"_identifier":"6f06118821640d28696d1365541fb5049d99c47c","_phoneNumber":"863-491-9923","source":1,"username":"Scofield"},"module":"player","timestamp":"2022-06-05T08:45:04.445Z"}
{"level":"silly","message":"netPromise > npwd:getOrCreateTwitterProfile > RequestObj","module":"events","timestamp":"2022-06-05T08:45:20.134Z"}
{"level":"silly","message":{"data":null,"source":1},"module":"events","timestamp":"2022-06-05T08:45:20.134Z"}
{"level":"silly","message":"netPromise > npwd:fetchTweets > RequestObj","module":"events","timestamp":"2022-06-05T08:45:20.135Z"}
{"level":"silly","message":{"data":{"pageId":0},"source":1},"module":"events","timestamp":"2022-06-05T08:45:20.135Z"}
{"level":"info","message":"Executed query (\n        SELECT *\n        FROM npwd_twitter_profiles\n        WHERE identifier = ?\n        LIMIT 1\n\t\t [\"6f06118821640d28696d1365541fb5049d99c47c\"]) in 2.9523ms'","module":"DBInterface","timestamp":"2022-06-05T08:45:20.137Z"}
{"level":"info","message":"Creating default Twitter profile 8634919923 for 6f06118821640d28696d1365541fb5049d99c47c","module":"twitter","timestamp":"2022-06-05T08:45:20.138Z"}
{"level":"info","message":"Executed query (\n        SELECT *\n        FROM npwd_twitter_profiles\n        WHERE identifier = ?\n        LIMIT 1\n\t\t [\"6f06118821640d28696d1365541fb5049d99c47c\"]) in 3.5079ms'","module":"DBInterface","timestamp":"2022-06-05T08:45:20.138Z"}
{"level":"warn","message":"Aborted fetching tweets for user 6f06118821640d28696d1365541fb5049d99c47c because they do not have a profile.","module":"twitter","timestamp":"2022-06-05T08:45:20.139Z"}
{"level":"silly","message":"Response Promise Event npwd:fetchTweets:8f70fd39-b107-40c7-895b-8d79fd110429 (4.0089ms), Data >>","module":"events","timestamp":"2022-06-05T08:45:20.139Z"}
{"level":"silly","message":{"data":[],"status":"ok"},"module":"events","timestamp":"2022-06-05T08:45:20.139Z"}
{"level":"info","message":"Executed query (\n        SELECT *\n        FROM npwd_twitter_profiles\n        WHERE identifier = ?\n        LIMIT 1\n\t\t [\"6f06118821640d28696d1365541fb5049d99c47c\"]) in 0.6995ms'","module":"DBInterface","timestamp":"2022-06-05T08:45:20.140Z"}
{"level":"silly","message":"Response Promise Event npwd:getOrCreateTwitterProfile:c5aa6a18-e247-437b-96b3-a6e64821312f (6.734ms), Data >>","module":"events","timestamp":"2022-06-05T08:45:20.141Z"}
{"level":"silly","message":{"data":{"avatar_url":"https://i.file.glass/QrEvq.png","createdAt":"2022-06-05T08:45:20.000Z","id":1,"identifier":"6f06118821640d28696d1365541fb5049d99c47c","profile_name":"8634919923","updatedAt":"2022-06-05T08:45:20.000Z"},"status":"ok"},"module":"events","timestamp":"2022-06-05T08:45:20.141Z"}
{"level":"silly","message":"netPromise > phone:getMyProfile > RequestObj","module":"events","timestamp":"2022-06-05T08:45:20.184Z"}
{"level":"silly","message":{"data":null,"source":1},"module":"events","timestamp":"2022-06-05T08:45:20.185Z"}
{"level":"silly","message":"netPromise > npwd:fetchMessageGroups > RequestObj","module":"events","timestamp":"2022-06-05T08:45:20.185Z"}
{"level":"silly","message":{"data":null,"source":1},"module":"events","timestamp":"2022-06-05T08:45:20.185Z"}
{"level":"silly","message":"netPromise > npwd:getContacts > RequestObj","module":"events","timestamp":"2022-06-05T08:45:20.186Z"}
{"level":"silly","message":{"data":null,"source":1},"module":"events","timestamp":"2022-06-05T08:45:20.186Z"}
{"level":"info","message":"Executed query (SELECT npwd_messages_conversations.id,\n                          npwd_messages_conversations.conversation_list         as conversationList,\n                          npwd_messages_participants.unread_count               as unreadCount,\n                          npwd_messages_conversations.is_group_chat             as isGroupChat,\n                          npwd_messages_conversations.label,\n                          UNIX_TIMESTAMP(npwd_messages_conversations.updatedAt) as updatedAt,\n                          npwd_messages_participants.participant\n                   FROM npwd_messages_conversations\n                            INNER JOIN npwd_messages_participants\n                                       on npwd_messages_conversations.id = npwd_messages_participants.conversation_id\n                   WHERE npwd_messages_participants.participant = ? [\"863-491-9923\"]) in 6.337ms'","module":"DBInterface","timestamp":"2022-06-05T08:45:20.192Z"}
{"level":"silly","message":"Response Promise Event npwd:fetchMessageGroups:13ebd513-7c4c-4d77-bc9a-81d9ef92f2e5 (6.7947ms), Data >>","module":"events","timestamp":"2022-06-05T08:45:20.192Z"}
{"level":"silly","message":{"data":[],"status":"ok"},"module":"events","timestamp":"2022-06-05T08:45:20.192Z"}
{"level":"info","message":"Executed query (\n        SELECT *,\n               UNIX_TIMESTAMP(updatedAt) AS lastActive\n        FROM npwd_match_profiles\n        WHERE identifier = ?\n        LIMIT 1\n\t\t [\"6f06118821640d28696d1365541fb5049d99c47c\"]) in 7.5211ms'","module":"DBInterface","timestamp":"2022-06-05T08:45:20.193Z"}
{"level":"info","message":"Creating default match profile 8634919923 for 6f06118821640d28696d1365541fb5049d99c47c","module":"match","timestamp":"2022-06-05T08:45:20.193Z"}
{"level":"info","message":"Executed query (\n        SELECT *,\n               UNIX_TIMESTAMP(updatedAt) AS lastActive\n        FROM npwd_match_profiles\n        WHERE identifier = ?\n        LIMIT 1\n\t\t [\"6f06118821640d28696d1365541fb5049d99c47c\"]) in 0.6932ms'","module":"DBInterface","timestamp":"2022-06-05T08:45:20.202Z"}
{"level":"silly","message":"Response Promise Event phone:getMyProfile:7d4d4bc3-5ee1-43ce-bef6-ef26c9e7e7df (18.4483ms), Data >>","module":"events","timestamp":"2022-06-05T08:45:20.203Z"}
{"level":"silly","message":{"data":{"bio":"","createdAt":"2022-06-05T08:45:20.000Z","id":1,"identifier":"6f06118821640d28696d1365541fb5049d99c47c","image":"https://upload.wikimedia.org/wikipedia/commons/a/ac/No_image_available.svg","job":"","lastActive":1654418720,"lastActiveFormatted":"Sun, 05 Jun 2022 08:45:20 GMT","location":"","name":"8634919923","tagList":[],"tags":"","updatedAt":"2022-06-05T08:45:20.000Z","viewed":false},"status":"ok"},"module":"events","timestamp":"2022-06-05T08:45:20.203Z"}
{"level":"info","message":"Executed query (SELECT * FROM npwd_phone_contacts WHERE identifier = ? ORDER BY display ASC [\"6f06118821640d28696d1365541fb5049d99c47c\"]) in 17.7642ms'","module":"DBInterface","timestamp":"2022-06-05T08:45:20.204Z"}
{"level":"silly","message":"Response Promise Event npwd:getContacts:0576b533-b236-4c33-b558-a0ab4fd69514 (18.1221ms), Data >>","module":"events","timestamp":"2022-06-05T08:45:20.204Z"}
{"level":"silly","message":{"data":[],"status":"ok"},"module":"events","timestamp":"2022-06-05T08:45:20.204Z"}
{"level":"silly","message":"netPromise > npwd:fetchCalls > RequestObj","module":"events","timestamp":"2022-06-05T08:45:32.864Z"}
{"level":"silly","message":{"data":null,"source":1},"module":"events","timestamp":"2022-06-05T08:45:32.865Z"}
{"level":"info","message":"Executed query (SELECT * FROM npwd_calls WHERE receiver = ? OR transmitter = ? ORDER BY id DESC LIMIT ? [\"863-491-9923\",\"863-491-9923\",\"50\"]) in 2.1958ms'","module":"DBInterface","timestamp":"2022-06-05T08:45:32.867Z"}
{"level":"silly","message":"Response Promise Event npwd:fetchCalls:c2b2cbba-ba40-4e86-8cbc-ee98975c708f (3.1114ms), Data >>","module":"events","timestamp":"2022-06-05T08:45:32.867Z"}
{"level":"silly","message":{"data":[],"status":"ok"},"module":"events","timestamp":"2022-06-05T08:45:32.868Z"}
{"level":"silly","message":"netPromise > npwd:FetchPhotos > RequestObj","module":"events","timestamp":"2022-06-05T08:45:40.845Z"}
{"level":"silly","message":{"data":null,"source":1},"module":"events","timestamp":"2022-06-05T08:45:40.846Z"}
{"level":"info","message":"Executed query (SELECT id, image FROM npwd_phone_gallery WHERE identifier = ? ORDER BY id DESC [\"6f06118821640d28696d1365541fb5049d99c47c\"]) in 2.3537ms'","module":"DBInterface","timestamp":"2022-06-05T08:45:40.848Z"}
{"level":"silly","message":"Response Promise Event npwd:FetchPhotos:a4c5e488-498e-4676-8e79-4959ea970a9a (3.3391ms), Data >>","module":"events","timestamp":"2022-06-05T08:45:40.849Z"}
{"level":"silly","message":{"data":[],"status":"ok"},"module":"events","timestamp":"2022-06-05T08:45:40.849Z"}
{"level":"silly","message":"netPromise > npwd:fetchAllNotes > RequestObj","module":"events","timestamp":"2022-06-05T08:45:48.980Z"}
{"level":"silly","message":{"data":null,"source":1},"module":"events","timestamp":"2022-06-05T08:45:48.980Z"}
{"level":"info","message":"Executed query (SELECT * FROM npwd_notes WHERE identifier = ? ORDER BY id DESC [\"6f06118821640d28696d1365541fb5049d99c47c\"]) in 2.0768ms'","module":"DBInterface","timestamp":"2022-06-05T08:45:48.982Z"}
{"level":"silly","message":"Response Promise Event npwd:fetchAllNotes:9ae0e7f6-e1d3-43c6-90eb-986df3f0fea3 (2.7804ms), Data >>","module":"events","timestamp":"2022-06-05T08:45:48.983Z"}
{"level":"silly","message":{"data":[],"status":"ok"},"module":"events","timestamp":"2022-06-05T08:45:48.983Z"}
{"level":"silly","message":"netPromise > npwd:addNote > RequestObj","module":"events","timestamp":"2022-06-05T08:45:58.857Z"}
{"level":"silly","message":{"data":{"content":"fdfsdf","title":"sdfsdfsd"},"source":1},"module":"events","timestamp":"2022-06-05T08:45:58.857Z"}
{"level":"debug","message":"Handling add note, note:","module":"notes","timestamp":"2022-06-05T08:45:58.857Z"}
{"level":"debug","message":{"content":"fdfsdf","title":"sdfsdfsd"},"module":"notes","timestamp":"2022-06-05T08:45:58.857Z"}
{"level":"info","message":"Executed query (INSERT INTO npwd_notes (identifier, title, content) VALUES (?, ?, ?) [\"6f06118821640d28696d1365541fb5049d99c47c\",\"sdfsdfsd\",\"fdfsdf\"]) in 13.0388ms'","module":"DBInterface","timestamp":"2022-06-05T08:45:58.870Z"}
{"level":"silly","message":"Response Promise Event npwd:addNote:9e03d4a9-ac1e-4a5a-9a6d-ccc8a16dbb27 (13.981ms), Data >>","module":"events","timestamp":"2022-06-05T08:45:58.871Z"}
{"level":"silly","message":{"data":{"content":"fdfsdf","id":1,"title":"sdfsdfsd"},"status":"ok"},"module":"events","timestamp":"2022-06-05T08:45:58.871Z"}
{"level":"silly","message":"netPromise > npwd:fetchAllListings > RequestObj","module":"events","timestamp":"2022-06-05T08:46:03.168Z"}
{"level":"silly","message":{"data":null,"source":1},"module":"events","timestamp":"2022-06-05T08:46:03.168Z"}
{"level":"info","message":"Executed query (SELECT * FROM npwd_marketplace_listings WHERE reported = 0 ORDER BY id DESC []) in 1.7099ms'","module":"DBInterface","timestamp":"2022-06-05T08:46:03.171Z"}
{"level":"silly","message":"Response Promise Event npwd:fetchAllListings:f1d6e7c6-b712-4ef6-b6d6-1e1f895016dd (2.7538ms), Data >>","module":"events","timestamp":"2022-06-05T08:46:03.171Z"}
{"level":"silly","message":{"data":[],"status":"ok"},"module":"events","timestamp":"2022-06-05T08:46:03.171Z"}
{"level":"silly","message":"netPromise > phone:getMatchProfiles > RequestObj","module":"events","timestamp":"2022-06-05T08:46:17.457Z"}
{"level":"silly","message":{"data":null,"source":1},"module":"events","timestamp":"2022-06-05T08:46:17.458Z"}
{"level":"info","message":"Executed query (\n        SELECT npwd_match_profiles.*,\n               UNIX_TIMESTAMP(npwd_match_profiles.updatedAt) AS lastActive,\n               MaxDates.lastSeen\n        FROM npwd_match_profiles\n                 LEFT OUTER JOIN (\n            SELECT id, profile, MAX(createdAt) AS lastSeen\n            FROM npwd_match_views\n            WHERE identifier = ?\n            GROUP BY id, profile\n        ) AS MaxDates ON npwd_match_profiles.id = MaxDates.profile\n        WHERE npwd_match_profiles.identifier != ?\n          AND (MaxDates.lastSeen IS NULL OR MaxDates.lastSeen < NOW() - INTERVAL 7 DAY)\n        ORDER BY npwd_match_profiles.updatedAt DESC\n        LIMIT 25\n\t\t [\"6f06118821640d28696d1365541fb5049d99c47c\",\"6f06118821640d28696d1365541fb5049d99c47c\"]) in 4.5445ms'","module":"DBInterface","timestamp":"2022-06-05T08:46:17.463Z"}
{"level":"silly","message":"Response Promise Event phone:getMatchProfiles:a61ae7f2-91d0-4303-8218-471b29ca952d (5.3345ms), Data >>","module":"events","timestamp":"2022-06-05T08:46:17.463Z"}
{"level":"silly","message":{"data":[],"status":"ok"},"module":"events","timestamp":"2022-06-05T08:46:17.463Z"}
{"level":"info","message":"Started loading for WASD (2)","module":"player","timestamp":"2022-06-05T08:50:21.243Z"}
{"level":"info","message":"Executed query (SELECT phone_number FROM users WHERE identifier = ? LIMIT 1 [\"fefec522a9a035b4d54785f914f807a4f00cd17e\"]) in 1.1366ms'","module":"DBInterface","timestamp":"2022-06-05T08:50:21.244Z"}
{"level":"debug","message":"Find user for number generation data >","module":"player","timestamp":"2022-06-05T08:50:21.244Z"}
{"level":"debug","message":[],"module":"player","timestamp":"2022-06-05T08:50:21.244Z"}
{"level":"debug","message":"Phone number was returned as null, generating new number","module":"player","timestamp":"2022-06-05T08:50:21.244Z"}
{"level":"info","message":"Executed query (SELECT EXISTS(SELECT * FROM users WHERE phone_number = ?) [\"862-582-6959\"]) in 0.4627ms'","module":"DBInterface","timestamp":"2022-06-05T08:50:21.245Z"}
{"level":"debug","message":"Phone number generated > 862-582-6959","module":"player","timestamp":"2022-06-05T08:50:21.245Z"}
{"level":"info","message":"Executed query (UPDATE users SET phone_number = ? WHERE identifier = ? [\"862-582-6959\",\"fefec522a9a035b4d54785f914f807a4f00cd17e\"]) in 0.82ms'","module":"DBInterface","timestamp":"2022-06-05T08:50:21.246Z"}
{"level":"error","message":"Failed to store phone number in database","module":"player","timestamp":"2022-06-05T08:50:21.246Z"}
{"level":"error","message":"UPDATE users SET phone_number = 862-582-6959 WHERE identifier = fefec522a9a035b4d54785f914f807a4f00cd17e","module":"player","timestamp":"2022-06-05T08:50:21.247Z"}
{"level":"info","message":"NPWD Player Loaded!","module":"player","timestamp":"2022-06-05T08:50:21.247Z"}
{"level":"debug","message":{"_identifier":"fefec522a9a035b4d54785f914f807a4f00cd17e","_phoneNumber":"862-582-6959","source":2,"username":"WASD"},"module":"player","timestamp":"2022-06-05T08:50:21.247Z"}
{"level":"silly","message":"netPromise > npwd:getOrCreateTwitterProfile > RequestObj","module":"events","timestamp":"2022-06-05T08:50:52.194Z"}
{"level":"silly","message":{"data":null,"source":2},"module":"events","timestamp":"2022-06-05T08:50:52.194Z"}
{"level":"silly","message":"netPromise > npwd:fetchTweets > RequestObj","module":"events","timestamp":"2022-06-05T08:50:52.194Z"}
{"level":"silly","message":{"data":{"pageId":0},"source":2},"module":"events","timestamp":"2022-06-05T08:50:52.195Z"}
{"level":"info","message":"Executed query (\n        SELECT *\n        FROM npwd_twitter_profiles\n        WHERE identifier = ?\n        LIMIT 1\n\t\t [\"fefec522a9a035b4d54785f914f807a4f00cd17e\"]) in 1.872ms'","module":"DBInterface","timestamp":"2022-06-05T08:50:52.196Z"}
{"level":"info","message":"Creating default Twitter profile 8625826959 for fefec522a9a035b4d54785f914f807a4f00cd17e","module":"twitter","timestamp":"2022-06-05T08:50:52.197Z"}
{"level":"info","message":"Executed query (\n        SELECT *\n        FROM npwd_twitter_profiles\n        WHERE identifier = ?\n        LIMIT 1\n\t\t [\"fefec522a9a035b4d54785f914f807a4f00cd17e\"]) in 2.873ms'","module":"DBInterface","timestamp":"2022-06-05T08:50:52.198Z"}
{"level":"warn","message":"Aborted fetching tweets for user fefec522a9a035b4d54785f914f807a4f00cd17e because they do not have a profile.","module":"twitter","timestamp":"2022-06-05T08:50:52.198Z"}
{"level":"silly","message":"Response Promise Event npwd:fetchTweets:5dba6be5-19a7-42e8-82a3-78d88d6e895c (3.3748ms), Data >>","module":"events","timestamp":"2022-06-05T08:50:52.198Z"}
{"level":"silly","message":{"data":[],"status":"ok"},"module":"events","timestamp":"2022-06-05T08:50:52.198Z"}
{"level":"info","message":"Executed query (\n        SELECT *\n        FROM npwd_twitter_profiles\n        WHERE identifier = ?\n        LIMIT 1\n\t\t [\"fefec522a9a035b4d54785f914f807a4f00cd17e\"]) in 1.8733ms'","module":"DBInterface","timestamp":"2022-06-05T08:50:52.202Z"}
{"level":"silly","message":"Response Promise Event npwd:getOrCreateTwitterProfile:c8f6348f-3b10-4e22-8894-ef57ca7c86db (8.0948ms), Data >>","module":"events","timestamp":"2022-06-05T08:50:52.202Z"}
{"level":"silly","message":{"data":{"avatar_url":"https://i.file.glass/QrEvq.png","createdAt":"2022-06-05T08:50:52.000Z","id":2,"identifier":"fefec522a9a035b4d54785f914f807a4f00cd17e","profile_name":"8625826959","updatedAt":"2022-06-05T08:50:52.000Z"},"status":"ok"},"module":"events","timestamp":"2022-06-05T08:50:52.202Z"}
{"level":"silly","message":"netPromise > phone:getMyProfile > RequestObj","module":"events","timestamp":"2022-06-05T08:50:52.394Z"}
{"level":"silly","message":{"data":null,"source":2},"module":"events","timestamp":"2022-06-05T08:50:52.394Z"}
{"level":"silly","message":"netPromise > npwd:fetchMessageGroups > RequestObj","module":"events","timestamp":"2022-06-05T08:50:52.394Z"}
{"level":"silly","message":{"data":null,"source":2},"module":"events","timestamp":"2022-06-05T08:50:52.394Z"}
{"level":"info","message":"Executed query (\n        SELECT *,\n               UNIX_TIMESTAMP(updatedAt) AS lastActive\n        FROM npwd_match_profiles\n        WHERE identifier = ?\n        LIMIT 1\n\t\t [\"fefec522a9a035b4d54785f914f807a4f00cd17e\"]) in 1.3006ms'","module":"DBInterface","timestamp":"2022-06-05T08:50:52.395Z"}
{"level":"info","message":"Creating default match profile 8625826959 for fefec522a9a035b4d54785f914f807a4f00cd17e","module":"match","timestamp":"2022-06-05T08:50:52.395Z"}
{"level":"info","message":"Executed query (SELECT npwd_messages_conversations.id,\n                          npwd_messages_conversations.conversation_list         as conversationList,\n                          npwd_messages_participants.unread_count               as unreadCount,\n                          npwd_messages_conversations.is_group_chat             as isGroupChat,\n                          npwd_messages_conversations.label,\n                          UNIX_TIMESTAMP(npwd_messages_conversations.updatedAt) as updatedAt,\n                          npwd_messages_participants.participant\n                   FROM npwd_messages_conversations\n                            INNER JOIN npwd_messages_participants\n                                       on npwd_messages_conversations.id = npwd_messages_participants.conversation_id\n                   WHERE npwd_messages_participants.participant = ? [\"862-582-6959\"]) in 2.0792ms'","module":"DBInterface","timestamp":"2022-06-05T08:50:52.396Z"}
{"level":"silly","message":"Response Promise Event npwd:fetchMessageGroups:5c8fc95a-ca11-4339-a653-7aee2b778102 (2.4194ms), Data >>","module":"events","timestamp":"2022-06-05T08:50:52.397Z"}
{"level":"silly","message":{"data":[],"status":"ok"},"module":"events","timestamp":"2022-06-05T08:50:52.397Z"}
{"level":"info","message":"Executed query (\n        SELECT *,\n               UNIX_TIMESTAMP(updatedAt) AS lastActive\n        FROM npwd_match_profiles\n        WHERE identifier = ?\n        LIMIT 1\n\t\t [\"fefec522a9a035b4d54785f914f807a4f00cd17e\"]) in 2.0676ms'","module":"DBInterface","timestamp":"2022-06-05T08:50:52.399Z"}
{"level":"silly","message":"Response Promise Event phone:getMyProfile:e847ea52-e1e9-4c97-9da8-1b5c15fac018 (5.9595ms), Data >>","module":"events","timestamp":"2022-06-05T08:50:52.400Z"}
{"level":"silly","message":{"data":{"bio":"","createdAt":"2022-06-05T08:50:52.000Z","id":2,"identifier":"fefec522a9a035b4d54785f914f807a4f00cd17e","image":"https://upload.wikimedia.org/wikipedia/commons/a/ac/No_image_available.svg","job":"","lastActive":1654419052,"lastActiveFormatted":"Sun, 05 Jun 2022 08:50:52 GMT","location":"","name":"8625826959","tagList":[],"tags":"","updatedAt":"2022-06-05T08:50:52.000Z","viewed":false},"status":"ok"},"module":"events","timestamp":"2022-06-05T08:50:52.400Z"}
{"level":"silly","message":"netPromise > npwd:getContacts > RequestObj","module":"events","timestamp":"2022-06-05T08:50:52.444Z"}
{"level":"silly","message":{"data":null,"source":2},"module":"events","timestamp":"2022-06-05T08:50:52.444Z"}
{"level":"info","message":"Executed query (SELECT * FROM npwd_phone_contacts WHERE identifier = ? ORDER BY display ASC [\"fefec522a9a035b4d54785f914f807a4f00cd17e\"]) in 1.2906ms'","module":"DBInterface","timestamp":"2022-06-05T08:50:52.445Z"}
{"level":"silly","message":"Response Promise Event npwd:getContacts:73a4f8d9-446c-457e-a50b-767bc08bb9ba (1.8785ms), Data >>","module":"events","timestamp":"2022-06-05T08:50:52.446Z"}
{"level":"silly","message":{"data":[],"status":"ok"},"module":"events","timestamp":"2022-06-05T08:50:52.446Z"}
{"level":"silly","message":"netPromise > npwd:fetchCalls > RequestObj","module":"events","timestamp":"2022-06-05T08:52:43.475Z"}
{"level":"silly","message":{"data":null,"source":2},"module":"events","timestamp":"2022-06-05T08:52:43.475Z"}
{"level":"info","message":"Executed query (SELECT * FROM npwd_calls WHERE receiver = ? OR transmitter = ? ORDER BY id DESC LIMIT ? [\"862-582-6959\",\"862-582-6959\",\"50\"]) in 0.804ms'","module":"DBInterface","timestamp":"2022-06-05T08:52:43.476Z"}
{"level":"silly","message":"Response Promise Event npwd:fetchCalls:cf97c4aa-bc15-4a3d-8a81-6aa6be6b9fdc (1.2307ms), Data >>","module":"events","timestamp":"2022-06-05T08:52:43.476Z"}
{"level":"silly","message":{"data":[],"status":"ok"},"module":"events","timestamp":"2022-06-05T08:52:43.477Z"}
{"level":"silly","message":"netPromise > npwd:beginCall > RequestObj","module":"events","timestamp":"2022-06-05T08:52:58.626Z"}
{"level":"silly","message":{"data":{"receiverNumber":"863"},"source":2},"module":"events","timestamp":"2022-06-05T08:52:58.626Z"}
{"level":"info","message":"Executed query (SELECT identifier FROM users WHERE phone_number = ? [\"863\"]) in 2.6151ms'","module":"DBInterface","timestamp":"2022-06-05T08:52:58.630Z"}
{"level":"debug","message":"Receiving Identifier: 6f06118821640d28696d1365541fb5049d99c47c","module":"calls","timestamp":"2022-06-05T08:52:58.631Z"}
{"level":"debug","message":"Receiving source: 1 ","module":"calls","timestamp":"2022-06-05T08:52:58.631Z"}
{"level":"debug","message":"Call obj set with key 862-582-6959, value:","module":"calls","timestamp":"2022-06-05T08:52:58.631Z"}
{"level":"debug","message":{"identifier":"2d38ebb7-105b-4029-a497-b93763c46fea","is_accepted":false,"receiver":"863","receiverSource":1,"start":"1654419178","transmitter":"862-582-6959","transmitterSource":2},"module":"calls","timestamp":"2022-06-05T08:52:58.631Z"}
{"level":"info","message":"Executed query (INSERT INTO npwd_calls (identifier, transmitter, receiver, `start`) VALUES (?, ?, ?, ?) [\"2d38ebb7-105b-4029-a497-b93763c46fea\",\"862-582-6959\",\"863\",\"1654419178\"]) in 1.7285ms'","module":"DBInterface","timestamp":"2022-06-05T08:52:58.633Z"}
{"level":"silly","message":"Response Promise Event npwd:beginCall:c1900783-7149-405a-8a5e-da8bdc84b8b8 (6.9229ms), Data >>","module":"events","timestamp":"2022-06-05T08:52:58.633Z"}
{"level":"silly","message":{"data":{"identifier":"2d38ebb7-105b-4029-a497-b93763c46fea","isTransmitter":true,"is_accepted":false,"receiver":"863","start":"1654419178","transmitter":"862-582-6959"},"status":"ok"},"module":"events","timestamp":"2022-06-05T08:52:58.633Z"}
{"level":"info","message":"Executed query (UPDATE npwd_calls SET is_accepted=?, end=? WHERE identifier = ? [true,null,\"2d38ebb7-105b-4029-a497-b93763c46fea\"]) in 8.3722ms'","module":"DBInterface","timestamp":"2022-06-05T08:53:08.368Z"}
{"level":"debug","message":"Call with key 862-582-6959 was updated to be accepted","module":"calls","timestamp":"2022-06-05T08:53:08.368Z"}
{"level":"debug","message":{"identifier":"2d38ebb7-105b-4029-a497-b93763c46fea","is_accepted":true,"receiver":"863","receiverSource":1,"start":"1654419178","transmitter":"862-582-6959","transmitterSource":2},"timestamp":"2022-06-05T08:53:08.368Z"}
{"level":"silly","message":"netPromise > npwd:endCall > RequestObj","module":"events","timestamp":"2022-06-05T08:53:29.710Z"}
{"level":"silly","message":{"data":{"isTransmitter":false,"transmitterNumber":"862-582-6959"},"source":1},"module":"events","timestamp":"2022-06-05T08:53:29.710Z"}
{"level":"silly","message":"Response Promise Event npwd:endCall:0a4fd0a2-4dec-4a06-b814-688f2ee20491 (1.2047ms), Data >>","module":"events","timestamp":"2022-06-05T08:53:29.711Z"}
{"level":"silly","message":{"status":"ok"},"module":"events","timestamp":"2022-06-05T08:53:29.711Z"}
{"level":"info","message":"Executed query (UPDATE npwd_calls SET is_accepted=?, end=? WHERE identifier = ? [true,1654419209,\"2d38ebb7-105b-4029-a497-b93763c46fea\"]) in 2.7607ms'","module":"DBInterface","timestamp":"2022-06-05T08:53:29.714Z"}
{"level":"info","message":"Executed query (SELECT id FROM npwd_marketplace_listings WHERE identifier = ? [\"fefec522a9a035b4d54785f914f807a4f00cd17e\"]) in 3.3262ms'","module":"DBInterface","timestamp":"2022-06-05T08:55:35.016Z"}
{"level":"info","message":"Executed query (DELETE FROM npwd_marketplace_listings WHERE identifier = ? AND reported = 0 [\"fefec522a9a035b4d54785f914f807a4f00cd17e\"]) in 1.0509ms'","module":"DBInterface","timestamp":"2022-06-05T08:55:35.018Z"}
{"level":"info","message":"Unloaded NPWD Player, source: (2)","module":"player","timestamp":"2022-06-05T08:55:35.018Z"}
{"level":"info","message":"Executed query (SELECT id FROM npwd_marketplace_listings WHERE identifier = ? [\"6f06118821640d28696d1365541fb5049d99c47c\"]) in 1.7349ms'","module":"DBInterface","timestamp":"2022-06-05T09:01:48.426Z"}
{"level":"info","message":"Executed query (DELETE FROM npwd_marketplace_listings WHERE identifier = ? AND reported = 0 [\"6f06118821640d28696d1365541fb5049d99c47c\"]) in 0.4951ms'","module":"DBInterface","timestamp":"2022-06-05T09:01:48.427Z"}
{"level":"info","message":"Unloaded NPWD Player, source: (1)","module":"player","timestamp":"2022-06-05T09:01:48.427Z"}
{"level":"info","message":"Started loading for Scofield (3)","module":"player","timestamp":"2022-06-05T09:02:28.922Z"}
{"level":"info","message":"Executed query (SELECT phone_number FROM users WHERE identifier = ? LIMIT 1 [\"6f06118821640d28696d1365541fb5049d99c47c\"]) in 0.8526ms'","module":"DBInterface","timestamp":"2022-06-05T09:02:28.923Z"}
{"level":"debug","message":"Find user for number generation data >","module":"player","timestamp":"2022-06-05T09:02:28.923Z"}
{"level":"debug","message":[],"module":"player","timestamp":"2022-06-05T09:02:28.923Z"}
{"level":"debug","message":"Phone number was returned as null, generating new number","module":"player","timestamp":"2022-06-05T09:02:28.923Z"}
{"level":"info","message":"Executed query (SELECT EXISTS(SELECT * FROM users WHERE phone_number = ?) [\"762-990-4534\"]) in 0.5422ms'","module":"DBInterface","timestamp":"2022-06-05T09:02:28.924Z"}
{"level":"debug","message":"Phone number generated > 762-990-4534","module":"player","timestamp":"2022-06-05T09:02:28.924Z"}
{"level":"info","message":"Executed query (UPDATE users SET phone_number = ? WHERE identifier = ? [\"762-990-4534\",\"6f06118821640d28696d1365541fb5049d99c47c\"]) in 0.4359ms'","module":"DBInterface","timestamp":"2022-06-05T09:02:28.924Z"}
{"level":"error","message":"Failed to store phone number in database","module":"player","timestamp":"2022-06-05T09:02:28.925Z"}
{"level":"error","message":"UPDATE users SET phone_number = 762-990-4534 WHERE identifier = 6f06118821640d28696d1365541fb5049d99c47c","module":"player","timestamp":"2022-06-05T09:02:28.925Z"}
{"level":"info","message":"NPWD Player Loaded!","module":"player","timestamp":"2022-06-05T09:02:28.925Z"}
{"level":"debug","message":{"_identifier":"6f06118821640d28696d1365541fb5049d99c47c","_phoneNumber":"762-990-4534","source":3,"username":"Scofield"},"module":"player","timestamp":"2022-06-05T09:02:28.925Z"}
{"level":"silly","message":"netPromise > npwd:getOrCreateTwitterProfile > RequestObj","module":"events","timestamp":"2022-06-05T09:02:44.589Z"}
{"level":"silly","message":{"data":null,"source":3},"module":"events","timestamp":"2022-06-05T09:02:44.589Z"}
{"level":"silly","message":"netPromise > npwd:fetchTweets > RequestObj","module":"events","timestamp":"2022-06-05T09:02:44.589Z"}
{"level":"silly","message":{"data":{"pageId":0},"source":3},"module":"events","timestamp":"2022-06-05T09:02:44.589Z"}
{"level":"info","message":"Executed query (\n        SELECT *\n        FROM npwd_twitter_profiles\n        WHERE identifier = ?\n        LIMIT 1\n\t\t [\"6f06118821640d28696d1365541fb5049d99c47c\"]) in 3.4835ms'","module":"DBInterface","timestamp":"2022-06-05T09:02:44.593Z"}
{"level":"silly","message":"Response Promise Event npwd:getOrCreateTwitterProfile:ab1029ff-991b-4bf6-88e2-b71d67cd4b91 (4.0833ms), Data >>","module":"events","timestamp":"2022-06-05T09:02:44.593Z"}
{"level":"silly","message":{"data":{"avatar_url":"https://i.file.glass/QrEvq.png","createdAt":"2022-06-05T08:45:20.000Z","id":1,"identifier":"6f06118821640d28696d1365541fb5049d99c47c","profile_name":"8634919923","updatedAt":"2022-06-05T08:45:20.000Z"},"status":"ok"},"module":"events","timestamp":"2022-06-05T09:02:44.593Z"}
{"level":"info","message":"Executed query (\n        SELECT *\n        FROM npwd_twitter_profiles\n        WHERE identifier = ?\n        LIMIT 1\n\t\t [\"6f06118821640d28696d1365541fb5049d99c47c\"]) in 3.8408ms'","module":"DBInterface","timestamp":"2022-06-05T09:02:44.593Z"}
{"level":"info","message":"Executed query (\n        SELECT \n  npwd_twitter_tweets.id,\n  npwd_twitter_tweets.identifier,\n  npwd_twitter_profiles.id AS profile_id,\n  npwd_twitter_profiles.profile_name,\n  npwd_twitter_profiles.avatar_url,\n  npwd_twitter_tweets.likes,\n  npwd_twitter_tweets.visible,\n  IFNULL(COALESCE(retweets.message, npwd_twitter_tweets.message), '') AS message,\n  IFNULL(COALESCE(retweets.images, npwd_twitter_tweets.images), '') AS images,\n  npwd_twitter_tweets.retweet IS NOT NULL AS isRetweet,\n  retweets.id AS retweetId,\n  retweets_profiles.profile_name AS retweetProfileName,\n  retweets_profiles.avatar_url AS retweetAvatarUrl,\n  npwd_twitter_likes.id IS NOT NULL AS isLiked,\n  npwd_twitter_reports.id IS NOT NULL AS isReported,\n  npwd_twitter_tweets.createdAt,\n  npwd_twitter_tweets.updatedAt,\n  TIME_TO_SEC(TIMEDIFF( NOW(), npwd_twitter_tweets.createdAt)) AS seconds_since_tweet\n\n        FROM npwd_twitter_tweets\n                 LEFT OUTER JOIN npwd_twitter_profiles\n                                 ON npwd_twitter_tweets.identifier = npwd_twitter_profiles.identifier\n                 LEFT OUTER JOIN npwd_twitter_likes ON npwd_twitter_tweets.id = npwd_twitter_likes.tweet_id AND\n                                                       npwd_twitter_likes.profile_id = ?\n                 LEFT OUTER JOIN npwd_twitter_reports ON npwd_twitter_tweets.id = npwd_twitter_reports.tweet_id AND\n                                                         npwd_twitter_reports.profile_id = ?\n                 LEFT OUTER JOIN npwd_twitter_tweets AS retweets ON retweets.id = npwd_twitter_tweets.retweet\n                 LEFT OUTER JOIN npwd_twitter_profiles AS retweets_profiles\n                                 ON retweets.identifier = retweets_profiles.identifier\n        WHERE npwd_twitter_tweets.visible = 1\n        ORDER BY id DESC\n        LIMIT ? OFFSET ?\n\t\t [1,1,\"25\",\"0\"]) in 30.1083ms'","module":"DBInterface","timestamp":"2022-06-05T09:02:44.624Z"}
{"level":"silly","message":"Response Promise Event npwd:fetchTweets:e6cadb60-e46d-4899-b7ce-57c1452531fd (34.9979ms), Data >>","module":"events","timestamp":"2022-06-05T09:02:44.625Z"}
{"level":"silly","message":{"data":[],"status":"ok"},"module":"events","timestamp":"2022-06-05T09:02:44.625Z"}
{"level":"silly","message":"netPromise > phone:getMyProfile > RequestObj","module":"events","timestamp":"2022-06-05T09:02:44.741Z"}
{"level":"silly","message":{"data":null,"source":3},"module":"events","timestamp":"2022-06-05T09:02:44.742Z"}
{"level":"silly","message":"netPromise > npwd:fetchMessageGroups > RequestObj","module":"events","timestamp":"2022-06-05T09:02:44.742Z"}
{"level":"silly","message":{"data":null,"source":3},"module":"events","timestamp":"2022-06-05T09:02:44.742Z"}
{"level":"silly","message":"netPromise > npwd:getContacts > RequestObj","module":"events","timestamp":"2022-06-05T09:02:44.742Z"}
{"level":"silly","message":{"data":null,"source":3},"module":"events","timestamp":"2022-06-05T09:02:44.742Z"}
{"level":"info","message":"Executed query (SELECT * FROM npwd_phone_contacts WHERE identifier = ? ORDER BY display ASC [\"6f06118821640d28696d1365541fb5049d99c47c\"]) in 1.6473ms'","module":"DBInterface","timestamp":"2022-06-05T09:02:44.744Z"}
{"level":"silly","message":"Response Promise Event npwd:getContacts:fcf7d626-a281-4e40-b7ff-51bf83e467aa (2.0007ms), Data >>","module":"events","timestamp":"2022-06-05T09:02:44.744Z"}
{"level":"silly","message":{"data":[],"status":"ok"},"module":"events","timestamp":"2022-06-05T09:02:44.745Z"}
{"level":"info","message":"Executed query (SELECT npwd_messages_conversations.id,\n                          npwd_messages_conversations.conversation_list         as conversationList,\n                          npwd_messages_participants.unread_count               as unreadCount,\n                          npwd_messages_conversations.is_group_chat             as isGroupChat,\n                          npwd_messages_conversations.label,\n                          UNIX_TIMESTAMP(npwd_messages_conversations.updatedAt) as updatedAt,\n                          npwd_messages_participants.participant\n                   FROM npwd_messages_conversations\n                            INNER JOIN npwd_messages_participants\n                                       on npwd_messages_conversations.id = npwd_messages_participants.conversation_id\n                   WHERE npwd_messages_participants.participant = ? [\"762-990-4534\"]) in 2.6567ms'","module":"DBInterface","timestamp":"2022-06-05T09:02:44.745Z"}
{"level":"silly","message":"Response Promise Event npwd:fetchMessageGroups:c282670b-d9a3-4c50-b99a-b96d721bf217 (2.9369ms), Data >>","module":"events","timestamp":"2022-06-05T09:02:44.745Z"}
{"level":"silly","message":{"data":[],"status":"ok"},"module":"events","timestamp":"2022-06-05T09:02:44.745Z"}
{"level":"info","message":"Executed query (\n        SELECT *,\n               UNIX_TIMESTAMP(updatedAt) AS lastActive\n        FROM npwd_match_profiles\n        WHERE identifier = ?\n        LIMIT 1\n\t\t [\"6f06118821640d28696d1365541fb5049d99c47c\"]) in 3.7171ms'","module":"DBInterface","timestamp":"2022-06-05T09:02:44.745Z"}
{"level":"silly","message":"Response Promise Event phone:getMyProfile:c9468f1e-cc07-431b-86b8-9dd8f194f10e (4.3425ms), Data >>","module":"events","timestamp":"2022-06-05T09:02:44.746Z"}
{"level":"silly","message":{"data":{"bio":"","createdAt":"2022-06-05T08:45:20.000Z","id":1,"identifier":"6f06118821640d28696d1365541fb5049d99c47c","image":"https://upload.wikimedia.org/wikipedia/commons/a/ac/No_image_available.svg","job":"","lastActive":1654418720,"lastActiveFormatted":"Sun, 05 Jun 2022 08:45:20 GMT","location":"","name":"8634919923","tagList":[],"tags":"","updatedAt":"2022-06-05T08:45:20.000Z","viewed":false},"status":"ok"},"module":"events","timestamp":"2022-06-05T09:02:44.746Z"}
{"level":"info","message":"Started loading for WASD (4)","module":"player","timestamp":"2022-06-05T09:03:10.996Z"}
{"level":"info","message":"Executed query (SELECT phone_number FROM users WHERE identifier = ? LIMIT 1 [\"fefec522a9a035b4d54785f914f807a4f00cd17e\"]) in 1.1374ms'","module":"DBInterface","timestamp":"2022-06-05T09:03:10.997Z"}
{"level":"debug","message":"Find user for number generation data >","module":"player","timestamp":"2022-06-05T09:03:10.998Z"}
{"level":"debug","message":[],"module":"player","timestamp":"2022-06-05T09:03:10.998Z"}
{"level":"debug","message":"Phone number was returned as null, generating new number","module":"player","timestamp":"2022-06-05T09:03:10.998Z"}
{"level":"info","message":"Executed query (SELECT EXISTS(SELECT * FROM users WHERE phone_number = ?) [\"975-093-8447\"]) in 0.4188ms'","module":"DBInterface","timestamp":"2022-06-05T09:03:10.998Z"}
{"level":"debug","message":"Phone number generated > 975-093-8447","module":"player","timestamp":"2022-06-05T09:03:10.998Z"}
{"level":"info","message":"Executed query (UPDATE users SET phone_number = ? WHERE identifier = ? [\"975-093-8447\",\"fefec522a9a035b4d54785f914f807a4f00cd17e\"]) in 0.51ms'","module":"DBInterface","timestamp":"2022-06-05T09:03:10.999Z"}
{"level":"error","message":"Failed to store phone number in database","module":"player","timestamp":"2022-06-05T09:03:10.999Z"}
{"level":"error","message":"UPDATE users SET phone_number = 975-093-8447 WHERE identifier = fefec522a9a035b4d54785f914f807a4f00cd17e","module":"player","timestamp":"2022-06-05T09:03:10.999Z"}
{"level":"info","message":"NPWD Player Loaded!","module":"player","timestamp":"2022-06-05T09:03:10.999Z"}
{"level":"debug","message":{"_identifier":"fefec522a9a035b4d54785f914f807a4f00cd17e","_phoneNumber":"975-093-8447","source":4,"username":"WASD"},"module":"player","timestamp":"2022-06-05T09:03:10.999Z"}
{"level":"silly","message":"netPromise > npwd:getOrCreateTwitterProfile > RequestObj","module":"events","timestamp":"2022-06-05T09:03:36.004Z"}
{"level":"silly","message":{"data":null,"source":4},"module":"events","timestamp":"2022-06-05T09:03:36.004Z"}
{"level":"silly","message":"netPromise > npwd:fetchTweets > RequestObj","module":"events","timestamp":"2022-06-05T09:03:36.004Z"}
{"level":"silly","message":{"data":{"pageId":0},"source":4},"module":"events","timestamp":"2022-06-05T09:03:36.004Z"}
{"level":"info","message":"Executed query (\n        SELECT *\n        FROM npwd_twitter_profiles\n        WHERE identifier = ?\n        LIMIT 1\n\t\t [\"fefec522a9a035b4d54785f914f807a4f00cd17e\"]) in 1.3628ms'","module":"DBInterface","timestamp":"2022-06-05T09:03:36.006Z"}
{"level":"info","message":"Executed query (\n        SELECT *\n        FROM npwd_twitter_profiles\n        WHERE identifier = ?\n        LIMIT 1\n\t\t [\"fefec522a9a035b4d54785f914f807a4f00cd17e\"]) in 2.5524ms'","module":"DBInterface","timestamp":"2022-06-05T09:03:36.007Z"}
{"level":"silly","message":"Response Promise Event npwd:getOrCreateTwitterProfile:6e46817a-86bd-4497-9d35-6592fa402e6f (3.0541ms), Data >>","module":"events","timestamp":"2022-06-05T09:03:36.007Z"}
{"level":"silly","message":{"data":{"avatar_url":"https://i.file.glass/QrEvq.png","createdAt":"2022-06-05T08:50:52.000Z","id":2,"identifier":"fefec522a9a035b4d54785f914f807a4f00cd17e","profile_name":"8625826959","updatedAt":"2022-06-05T08:50:52.000Z"},"status":"ok"},"module":"events","timestamp":"2022-06-05T09:03:36.007Z"}
{"level":"info","message":"Executed query (\n        SELECT \n  npwd_twitter_tweets.id,\n  npwd_twitter_tweets.identifier,\n  npwd_twitter_profiles.id AS profile_id,\n  npwd_twitter_profiles.profile_name,\n  npwd_twitter_profiles.avatar_url,\n  npwd_twitter_tweets.likes,\n  npwd_twitter_tweets.visible,\n  IFNULL(COALESCE(retweets.message, npwd_twitter_tweets.message), '') AS message,\n  IFNULL(COALESCE(retweets.images, npwd_twitter_tweets.images), '') AS images,\n  npwd_twitter_tweets.retweet IS NOT NULL AS isRetweet,\n  retweets.id AS retweetId,\n  retweets_profiles.profile_name AS retweetProfileName,\n  retweets_profiles.avatar_url AS retweetAvatarUrl,\n  npwd_twitter_likes.id IS NOT NULL AS isLiked,\n  npwd_twitter_reports.id IS NOT NULL AS isReported,\n  npwd_twitter_tweets.createdAt,\n  npwd_twitter_tweets.updatedAt,\n  TIME_TO_SEC(TIMEDIFF( NOW(), npwd_twitter_tweets.createdAt)) AS seconds_since_tweet\n\n        FROM npwd_twitter_tweets\n                 LEFT OUTER JOIN npwd_twitter_profiles\n                                 ON npwd_twitter_tweets.identifier = npwd_twitter_profiles.identifier\n                 LEFT OUTER JOIN npwd_twitter_likes ON npwd_twitter_tweets.id = npwd_twitter_likes.tweet_id AND\n                                                       npwd_twitter_likes.profile_id = ?\n                 LEFT OUTER JOIN npwd_twitter_reports ON npwd_twitter_tweets.id = npwd_twitter_reports.tweet_id AND\n                                                         npwd_twitter_reports.profile_id = ?\n                 LEFT OUTER JOIN npwd_twitter_tweets AS retweets ON retweets.id = npwd_twitter_tweets.retweet\n                 LEFT OUTER JOIN npwd_twitter_profiles AS retweets_profiles\n                                 ON retweets.identifier = retweets_profiles.identifier\n        WHERE npwd_twitter_tweets.visible = 1\n        ORDER BY id DESC\n        LIMIT ? OFFSET ?\n\t\t [2,2,\"25\",\"0\"]) in 12.1672ms'","module":"DBInterface","timestamp":"2022-06-05T09:03:36.018Z"}
{"level":"silly","message":"Response Promise Event npwd:fetchTweets:99f4a6b7-68e3-4e52-8b94-83361defe0f6 (14.2469ms), Data >>","module":"events","timestamp":"2022-06-05T09:03:36.019Z"}
{"level":"silly","message":{"data":[],"status":"ok"},"module":"events","timestamp":"2022-06-05T09:03:36.019Z"}
{"level":"silly","message":"netPromise > phone:getMyProfile > RequestObj","module":"events","timestamp":"2022-06-05T09:03:36.054Z"}
{"level":"silly","message":{"data":null,"source":4},"module":"events","timestamp":"2022-06-05T09:03:36.054Z"}
{"level":"info","message":"Executed query (\n        SELECT *,\n               UNIX_TIMESTAMP(updatedAt) AS lastActive\n        FROM npwd_match_profiles\n        WHERE identifier = ?\n        LIMIT 1\n\t\t [\"fefec522a9a035b4d54785f914f807a4f00cd17e\"]) in 0.8594ms'","module":"DBInterface","timestamp":"2022-06-05T09:03:36.055Z"}
{"level":"silly","message":"Response Promise Event phone:getMyProfile:0e2105a9-ab0d-4101-947b-d7de556f71a4 (1.4492ms), Data >>","module":"events","timestamp":"2022-06-05T09:03:36.055Z"}
{"level":"silly","message":{"data":{"bio":"","createdAt":"2022-06-05T08:50:52.000Z","id":2,"identifier":"fefec522a9a035b4d54785f914f807a4f00cd17e","image":"https://upload.wikimedia.org/wikipedia/commons/a/ac/No_image_available.svg","job":"","lastActive":1654419052,"lastActiveFormatted":"Sun, 05 Jun 2022 08:50:52 GMT","location":"","name":"8625826959","tagList":[],"tags":"","updatedAt":"2022-06-05T08:50:52.000Z","viewed":false},"status":"ok"},"module":"events","timestamp":"2022-06-05T09:03:36.056Z"}
{"level":"silly","message":"netPromise > npwd:fetchMessageGroups > RequestObj","module":"events","timestamp":"2022-06-05T09:03:36.106Z"}
{"level":"silly","message":{"data":null,"source":4},"module":"events","timestamp":"2022-06-05T09:03:36.106Z"}
{"level":"silly","message":"netPromise > npwd:getContacts > RequestObj","module":"events","timestamp":"2022-06-05T09:03:36.106Z"}
{"level":"silly","message":{"data":null,"source":4},"module":"events","timestamp":"2022-06-05T09:03:36.106Z"}
{"level":"silly","message":"netPromise > phone:getMatchProfiles > RequestObj","module":"events","timestamp":"2022-06-05T09:03:36.107Z"}
{"level":"silly","message":{"data":null,"source":3},"module":"events","timestamp":"2022-06-05T09:03:36.107Z"}
{"level":"info","message":"Executed query (SELECT npwd_messages_conversations.id,\n                          npwd_messages_conversations.conversation_list         as conversationList,\n                          npwd_messages_participants.unread_count               as unreadCount,\n                          npwd_messages_conversations.is_group_chat             as isGroupChat,\n                          npwd_messages_conversations.label,\n                          UNIX_TIMESTAMP(npwd_messages_conversations.updatedAt) as updatedAt,\n                          npwd_messages_participants.participant\n                   FROM npwd_messages_conversations\n                            INNER JOIN npwd_messages_participants\n                                       on npwd_messages_conversations.id = npwd_messages_participants.conversation_id\n                   WHERE npwd_messages_participants.participant = ? [\"975-093-8447\"]) in 3.6147ms'","module":"DBInterface","timestamp":"2022-06-05T09:03:36.110Z"}
{"level":"silly","message":"Response Promise Event npwd:fetchMessageGroups:eaadc41c-3336-4e1d-85e4-ecc284592ae0 (4.2138ms), Data >>","module":"events","timestamp":"2022-06-05T09:03:36.110Z"}
{"level":"silly","message":{"data":[],"status":"ok"},"module":"events","timestamp":"2022-06-05T09:03:36.110Z"}
{"level":"info","message":"Executed query (SELECT * FROM npwd_phone_contacts WHERE identifier = ? ORDER BY display ASC [\"fefec522a9a035b4d54785f914f807a4f00cd17e\"]) in 4.6631ms'","module":"DBInterface","timestamp":"2022-06-05T09:03:36.111Z"}
{"level":"silly","message":"Response Promise Event npwd:getContacts:f3e5a42d-c775-49b6-ae45-d5772ea65eb1 (5.0115ms), Data >>","module":"events","timestamp":"2022-06-05T09:03:36.111Z"}
{"level":"silly","message":{"data":[],"status":"ok"},"module":"events","timestamp":"2022-06-05T09:03:36.112Z"}
{"level":"info","message":"Executed query (\n        SELECT npwd_match_profiles.*,\n               UNIX_TIMESTAMP(npwd_match_profiles.updatedAt) AS lastActive,\n               MaxDates.lastSeen\n        FROM npwd_match_profiles\n                 LEFT OUTER JOIN (\n            SELECT id, profile, MAX(createdAt) AS lastSeen\n            FROM npwd_match_views\n            WHERE identifier = ?\n            GROUP BY id, profile\n        ) AS MaxDates ON npwd_match_profiles.id = MaxDates.profile\n        WHERE npwd_match_profiles.identifier != ?\n          AND (MaxDates.lastSeen IS NULL OR MaxDates.lastSeen < NOW() - INTERVAL 7 DAY)\n        ORDER BY npwd_match_profiles.updatedAt DESC\n        LIMIT 25\n\t\t [\"6f06118821640d28696d1365541fb5049d99c47c\",\"6f06118821640d28696d1365541fb5049d99c47c\"]) in 5.2519ms'","module":"DBInterface","timestamp":"2022-06-05T09:03:36.112Z"}
{"level":"silly","message":"Response Promise Event phone:getMatchProfiles:79e69b97-dc5f-432f-bae6-96c54ce81727 (5.6673ms), Data >>","module":"events","timestamp":"2022-06-05T09:03:36.113Z"}
{"level":"silly","message":{"data":[{"bio":"","createdAt":"2022-06-05T08:50:52.000Z","id":2,"identifier":"fefec522a9a035b4d54785f914f807a4f00cd17e","image":"https://upload.wikimedia.org/wikipedia/commons/a/ac/No_image_available.svg","job":"","lastActive":1654419052,"lastActiveFormatted":"Sun, 05 Jun 2022 08:50:52 GMT","lastSeen":null,"location":"","name":"8625826959","tagList":[],"tags":"","updatedAt":"2022-06-05T08:50:52.000Z","viewed":false}],"status":"ok"},"module":"events","timestamp":"2022-06-05T09:03:36.114Z"}
{"level":"info","message":"Executed query (SELECT id FROM npwd_marketplace_listings WHERE identifier = ? [\"fefec522a9a035b4d54785f914f807a4f00cd17e\"]) in 2.1332ms'","module":"DBInterface","timestamp":"2022-06-05T09:04:40.395Z"}
{"level":"info","message":"Executed query (DELETE FROM npwd_marketplace_listings WHERE identifier = ? AND reported = 0 [\"fefec522a9a035b4d54785f914f807a4f00cd17e\"]) in 0.509ms'","module":"DBInterface","timestamp":"2022-06-05T09:04:40.396Z"}
{"level":"info","message":"Unloaded NPWD Player, source: (4)","module":"player","timestamp":"2022-06-05T09:04:40.396Z"}
{"level":"silly","message":"netPromise > npwd:fetchAllListings > RequestObj","module":"events","timestamp":"2022-06-05T09:04:40.501Z"}
{"level":"silly","message":{"data":null,"source":3},"module":"events","timestamp":"2022-06-05T09:04:40.502Z"}
{"level":"info","message":"Executed query (SELECT * FROM npwd_marketplace_listings WHERE reported = 0 ORDER BY id DESC []) in 1.1423ms'","module":"DBInterface","timestamp":"2022-06-05T09:04:40.503Z"}
{"level":"silly","message":"Response Promise Event npwd:fetchAllListings:fd63e434-6479-40ca-ad45-9d7107848508 (1.5571ms), Data >>","module":"events","timestamp":"2022-06-05T09:04:40.503Z"}
{"level":"silly","message":{"data":[],"status":"ok"},"module":"events","timestamp":"2022-06-05T09:04:40.503Z"}
{"level":"info","message":"Executed query (SELECT id FROM npwd_marketplace_listings WHERE identifier = ? [\"6f06118821640d28696d1365541fb5049d99c47c\"]) in 1.5342ms'","module":"DBInterface","timestamp":"2022-06-05T09:05:10.319Z"}
{"level":"info","message":"Executed query (DELETE FROM npwd_marketplace_listings WHERE identifier = ? AND reported = 0 [\"6f06118821640d28696d1365541fb5049d99c47c\"]) in 0.4478ms'","module":"DBInterface","timestamp":"2022-06-05T09:05:10.320Z"}
{"level":"info","message":"Unloaded NPWD Player, source: (3)","module":"player","timestamp":"2022-06-05T09:05:10.320Z"}
